<?xml version="1.0" encoding="UTF-8"?>
<!-- Generated by org.testng.reporters.JUnitReportReporter -->
<testsuite skipped="0" hostname="Priyankas-MacBook-Air.local" name="validations.API.ValidateAPImethods" tests="2" failures="0" timestamp="2021-01-31T16:20:17 MST" time="6.795" errors="0">
  <testcase name="validateGetMethod" time="6.048" classname="validations.API.ValidateAPImethods"/>
  <system-out/>
  <testcase name="validateDeleteMethod" time="0.747" classname="validations.API.ValidateAPImethods"/>
  <system-out/>
</testsuite> <!-- validations.API.ValidateAPImethods -->
